# JRE version: Java(TM) SE Runtime Environment (8.0_144-b01) (build 1.8.0_144-b01)
# Java VM: Java HotSpot(TM) 64-Bit Server VM (25.144-b01 mixed mode linux-amd64 compressed oops)
Heap:
 def new generation   total 20992K, used 9931K [0x00000000f0600000, 0x00000000f1cc0000, 0x00000000f5950000)
  eden space 18688K,  53% used [0x00000000f0600000, 0x00000000f0fb2f28, 0x00000000f1840000)
  from space 2304K,   0% used [0x00000000f1840000, 0x00000000f1840000, 0x00000000f1a80000)
  to   space 2304K,   0% used [0x00000000f1a80000, 0x00000000f1a80000, 0x00000000f1cc0000)
 tenured generation   total 46508K, used 27903K [0x00000000f5950000, 0x00000000f86bb000, 0x0000000100000000)
   the space 46508K,  59% used [0x00000000f5950000, 0x00000000f748ffa0, 0x00000000f7490000, 0x00000000f86bb000)
 Metaspace       used 5668K, capacity 5886K, committed 6016K, reserved 1056768K
  class space    used 542K, capacity 558K, committed 640K, reserved 1048576K
GC Heap History (10 events):
Event: 316.440 GC heap before
{Heap before GC invocations=1 (full 0):
 def new generation   total 4928K, used 4928K [0x00000000f0600000, 0x00000000f0b50000, 0x00000000f5950000)
  eden space 4416K, 100% used [0x00000000f0600000, 0x00000000f0a50000, 0x00000000f0a50000)
  from space 512K, 100% used [0x00000000f0ad0000, 0x00000000f0b50000, 0x00000000f0b50000)
  to   space 512K,   0% used [0x00000000f0a50000, 0x00000000f0a50000, 0x00000000f0ad0000)
 tenured generation   total 10944K, used 1218K [0x00000000f5950000, 0x00000000f6400000, 0x0000000100000000)
   the space 10944K,  11% used [0x00000000f5950000, 0x00000000f5a809b0, 0x00000000f5a80a00, 0x00000000f6400000)
 Metaspace       used 5658K, capacity 5886K, committed 6016K, reserved 1056768K
  class space    used 542K, capacity 558K, committed 640K, reserved 1048576K
Event: 316.448 GC heap after
Heap after GC invocations=2 (full 0):
 def new generation   total 4928K, used 511K [0x00000000f0600000, 0x00000000f0b50000, 0x00000000f5950000)
  eden space 4416K,   0% used [0x00000000f0600000, 0x00000000f0600000, 0x00000000f0a50000)
  from space 512K,  99% used [0x00000000f0a50000, 0x00000000f0acfff8, 0x00000000f0ad0000)
  to   space 512K,   0% used [0x00000000f0ad0000, 0x00000000f0ad0000, 0x00000000f0b50000)
 tenured generation   total 10944K, used 5099K [0x00000000f5950000, 0x00000000f6400000, 0x0000000100000000)
   the space 10944K,  46% used [0x00000000f5950000, 0x00000000f5e4aef0, 0x00000000f5e4b000, 0x00000000f6400000)
 Metaspace       used 5658K, capacity 5886K, committed 6016K, reserved 1056768K
  class space    used 542K, capacity 558K, committed 640K, reserved 1048576K
}
Event: 641.368 GC heap before
{Heap before GC invocations=2 (full 0):
 def new generation   total 4928K, used 4927K [0x00000000f0600000, 0x00000000f0b50000, 0x00000000f5950000)
  eden space 4416K, 100% used [0x00000000f0600000, 0x00000000f0a50000, 0x00000000f0a50000)
  from space 512K,  99% used [0x00000000f0a50000, 0x00000000f0acfff8, 0x00000000f0ad0000)
  to   space 512K,   0% used [0x00000000f0ad0000, 0x00000000f0ad0000, 0x00000000f0b50000)
 tenured generation   total 10944K, used 5099K [0x00000000f5950000, 0x00000000f6400000, 0x0000000100000000)
   the space 10944K,  46% used [0x00000000f5950000, 0x00000000f5e4aef0, 0x00000000f5e4b000, 0x00000000f6400000)
 Metaspace       used 5663K, capacity 5886K, committed 6016K, reserved 1056768K
  class space    used 542K, capacity 558K, committed 640K, reserved 1048576K
Event: 641.377 GC heap after
Heap after GC invocations=3 (full 0):
 def new generation   total 4928K, used 512K [0x00000000f0600000, 0x00000000f0b50000, 0x00000000f5950000)
  eden space 4416K,   0% used [0x00000000f0600000, 0x00000000f0600000, 0x00000000f0a50000)
  from space 512K, 100% used [0x00000000f0ad0000, 0x00000000f0b50000, 0x00000000f0b50000)
  to   space 512K,   0% used [0x00000000f0a50000, 0x00000000f0a50000, 0x00000000f0ad0000)
 tenured generation   total 10944K, used 9051K [0x00000000f5950000, 0x00000000f6400000, 0x0000000100000000)
   the space 10944K,  82% used [0x00000000f5950000, 0x00000000f6226f48, 0x00000000f6227000, 0x00000000f6400000)
 Metaspace       used 5663K, capacity 5886K, committed 6016K, reserved 1056768K
  class space    used 542K, capacity 558K, committed 640K, reserved 1048576K
}
Event: 967.268 GC heap before
{Heap before GC invocations=3 (full 0):
 def new generation   total 4928K, used 4928K [0x00000000f0600000, 0x00000000f0b50000, 0x00000000f5950000)
  eden space 4416K, 100% used [0x00000000f0600000, 0x00000000f0a50000, 0x00000000f0a50000)
  from space 512K, 100% used [0x00000000f0ad0000, 0x00000000f0b50000, 0x00000000f0b50000)
  to   space 512K,   0% used [0x00000000f0a50000, 0x00000000f0a50000, 0x00000000f0ad0000)
 tenured generation   total 10944K, used 9051K [0x00000000f5950000, 0x00000000f6400000, 0x0000000100000000)
   the space 10944K,  82% used [0x00000000f5950000, 0x00000000f6226f48, 0x00000000f6227000, 0x00000000f6400000)
 Metaspace       used 5663K, capacity 5886K, committed 6016K, reserved 1056768K
  class space    used 542K, capacity 558K, committed 640K, reserved 1048576K
Event: 967.288 GC heap after
Heap after GC invocations=4 (full 1):
 def new generation   total 9856K, used 474K [0x00000000f0600000, 0x00000000f10b0000, 0x00000000f5950000)
  eden space 8768K,   5% used [0x00000000f0600000, 0x00000000f0676b30, 0x00000000f0e90000)
  from space 1088K,   0% used [0x00000000f0e90000, 0x00000000f0e90000, 0x00000000f0fa0000)
  to   space 1088K,   0% used [0x00000000f0fa0000, 0x00000000f0fa0000, 0x00000000f10b0000)
 tenured generation   total 21760K, used 13055K [0x00000000f5950000, 0x00000000f6e90000, 0x0000000100000000)
   the space 21760K,  59% used [0x00000000f5950000, 0x00000000f660fff0, 0x00000000f6610000, 0x00000000f6e90000)
 Metaspace       used 5663K, capacity 5886K, committed 6016K, reserved 1056768K
  class space    used 542K, capacity 558K, committed 640K, reserved 1048576K
}
Event: 1582.024 GC heap before
{Heap before GC invocations=4 (full 1):
 def new generation   total 9856K, used 8768K [0x00000000f0600000, 0x00000000f10b0000, 0x00000000f5950000)
  eden space 8768K, 100% used [0x00000000f0600000, 0x00000000f0e90000, 0x00000000f0e90000)
  from space 1088K,   0% used [0x00000000f0e90000, 0x00000000f0e90000, 0x00000000f0fa0000)
  to   space 1088K,   0% used [0x00000000f0fa0000, 0x00000000f0fa0000, 0x00000000f10b0000)
 tenured generation   total 21760K, used 13055K [0x00000000f5950000, 0x00000000f6e90000, 0x0000000100000000)
   the space 21760K,  59% used [0x00000000f5950000, 0x00000000f660fff0, 0x00000000f6610000, 0x00000000f6e90000)
 Metaspace       used 5664K, capacity 5886K, committed 6016K, reserved 1056768K
  class space    used 542K, capacity 558K, committed 640K, reserved 1048576K
Event: 1582.037 GC heap after
Heap after GC invocations=5 (full 1):
 def new generation   total 9856K, used 1088K [0x00000000f0600000, 0x00000000f10b0000, 0x00000000f5950000)
  eden space 8768K,   0% used [0x00000000f0600000, 0x00000000f0600000, 0x00000000f0e90000)
  from space 1088K, 100% used [0x00000000f0fa0000, 0x00000000f10b0000, 0x00000000f10b0000)
  to   space 1088K,   0% used [0x00000000f0e90000, 0x00000000f0e90000, 0x00000000f0fa0000)
 tenured generation   total 21760K, used 19941K [0x00000000f5950000, 0x00000000f6e90000, 0x0000000100000000)
   the space 21760K,  91% used [0x00000000f5950000, 0x00000000f6cc9488, 0x00000000f6cc9600, 0x00000000f6e90000)
 Metaspace       used 5664K, capacity 5886K, committed 6016K, reserved 1056768K
  class space    used 542K, capacity 558K, committed 640K, reserved 1048576K
}
Event: 2234.292 GC heap before
{Heap before GC invocations=5 (full 1):
 def new generation   total 9856K, used 9856K [0x00000000f0600000, 0x00000000f10b0000, 0x00000000f5950000)
  eden space 8768K, 100% used [0x00000000f0600000, 0x00000000f0e90000, 0x00000000f0e90000)
  from space 1088K, 100% used [0x00000000f0fa0000, 0x00000000f10b0000, 0x00000000f10b0000)
  to   space 1088K,   0% used [0x00000000f0e90000, 0x00000000f0e90000, 0x00000000f0fa0000)
 tenured generation   total 21760K, used 19941K [0x00000000f5950000, 0x00000000f6e90000, 0x0000000100000000)
   the space 21760K,  91% used [0x00000000f5950000, 0x00000000f6cc9488, 0x00000000f6cc9600, 0x00000000f6e90000)
 Metaspace       used 5664K, capacity 5886K, committed 6016K, reserved 1056768K
  class space    used 542K, capacity 558K, committed 640K, reserved 1048576K
Event: 2234.341 GC heap after
Heap after GC invocations=6 (full 2):
 def new generation   total 20992K, used 1044K [0x00000000f0600000, 0x00000000f1cc0000, 0x00000000f5950000)
  eden space 18688K,   5% used [0x00000000f0600000, 0x00000000f07053f8, 0x00000000f1840000)
  from space 2304K,   0% used [0x00000000f1840000, 0x00000000f1840000, 0x00000000f1a80000)
  to   space 2304K,   0% used [0x00000000f1a80000, 0x00000000f1a80000, 0x00000000f1cc0000)
 tenured generation   total 46508K, used 27903K [0x00000000f5950000, 0x00000000f86bb000, 0x0000000100000000)
   the space 46508K,  59% used [0x00000000f5950000, 0x00000000f748ffa0, 0x00000000f7490000, 0x00000000f86bb000)
 Metaspace       used 5664K, capacity 5886K, committed 6016K, reserved 1056768K
  class space    used 542K, capacity 558K, committed 640K, reserved 1048576K
}

